<?xml version="1.0" encoding="UTF-8"?>
<!-- Generated by org.testng.reporters.JUnitXMLReporter -->
<testsuite ignored="2" hostname="Manka" failures="0" tests="1" name="Default test" time="62.085" errors="0" timestamp="2023-09-28T15:33:51 IST">
  <testcase classname="ManojYedla.Subscription_Assignment.subscription_Sanity" name="TestCase01ValidatingCountryKsa" time="38.666"/>
  <testcase classname="ManojYedla.Subscription_Assignment.subscription_Sanity" name="TestCase03ValidatingCountryKuwait" time="0.0">
    <ignored/>
  </testcase> <!-- TestCase03ValidatingCountryKuwait -->
  <testcase classname="ManojYedla.Subscription_Assignment.subscription_Sanity" name="TestCase02ValidatingCountryBahrain" time="0.0">
    <ignored/>
  </testcase> <!-- TestCase02ValidatingCountryBahrain -->
</testsuite> <!-- Default test -->
